<?xml version="1.0" encoding="UTF-8"?>
<testng-results skipped="0" failed="0" total="1" passed="1">
  <reporter-output>
  </reporter-output>
  <suite name="Default suite" duration-ms="113434" started-at="2020-02-07T05:59:21Z" finished-at="2020-02-07T06:01:14Z">
    <groups>
    </groups>
    <test name="Default test" duration-ms="113434" started-at="2020-02-07T05:59:21Z" finished-at="2020-02-07T06:01:14Z">
      <class name="driverScript.NewTest">
        <test-method status="PASS" signature="f()[pri:0, instance:driverScript.NewTest@1b604f19]" name="f" duration-ms="113414" started-at="2020-02-07T11:29:21Z" finished-at="2020-02-07T11:31:14Z">
          <reporter-output>
          </reporter-output>
        </test-method> <!-- f -->
      </class> <!-- driverScript.NewTest -->
    </test> <!-- Default test -->
  </suite> <!-- Default suite -->
</testng-results>
